# JRE version: Java(TM) SE Runtime Environment (8.0_101-b13) (build 1.8.0_101-b13)
# Java VM: Java HotSpot(TM) 64-Bit Server VM (25.101-b13 mixed mode bsd-amd64 compressed oops)
Heap:
 PSYoungGen      total 70656K, used 43458K [0x00000007aab00000, 0x00000007b1b80000, 0x00000007c0000000)
  eden space 65536K, 64% used [0x00000007aab00000,0x00000007ad4218e0,0x00000007aeb00000)
  from space 5120K, 26% used [0x00000007aeb00000,0x00000007aec4f280,0x00000007af000000)
  to   space 5120K, 0% used [0x00000007b1680000,0x00000007b1680000,0x00000007b1b80000)
 ParOldGen       total 44032K, used 4744K [0x0000000780000000, 0x0000000782b00000, 0x00000007aab00000)
  object space 44032K, 10% used [0x0000000780000000,0x00000007804a2310,0x0000000782b00000)
 Metaspace       used 13069K, capacity 13282K, committed 13568K, reserved 1060864K
  class space    used 1641K, capacity 1705K, committed 1792K, reserved 1048576K
GC Heap History (10 events):
Event: 6.232 GC heap before
{Heap before GC invocations=5 (full 0):
 PSYoungGen      total 18944K, used 18921K [0x00000007aab00000, 0x00000007ad000000, 0x00000007c0000000)
  eden space 16384K, 100% used [0x00000007aab00000,0x00000007abb00000,0x00000007abb00000)
  from space 2560K, 99% used [0x00000007abd80000,0x00000007abffa460,0x00000007ac000000)
  to   space 2560K, 0% used [0x00000007abb00000,0x00000007abb00000,0x00000007abd80000)
 ParOldGen       total 44032K, used 2611K [0x0000000780000000, 0x0000000782b00000, 0x00000007aab00000)
  object space 44032K, 5% used [0x0000000780000000,0x000000078028cc10,0x0000000782b00000)
 Metaspace       used 12998K, capacity 13218K, committed 13568K, reserved 1060864K
  class space    used 1630K, capacity 1705K, committed 1792K, reserved 1048576K
Event: 6.241 GC heap after
Heap after GC invocations=5 (full 0):
 PSYoungGen      total 18944K, used 2556K [0x00000007aab00000, 0x00000007ad400000, 0x00000007c0000000)
  eden space 16384K, 0% used [0x00000007aab00000,0x00000007aab00000,0x00000007abb00000)
  from space 2560K, 99% used [0x00000007abb00000,0x00000007abd7f370,0x00000007abd80000)
  to   space 4608K, 0% used [0x00000007acf80000,0x00000007acf80000,0x00000007ad400000)
 ParOldGen       total 44032K, used 2678K [0x0000000780000000, 0x0000000782b00000, 0x00000007aab00000)
  object space 44032K, 6% used [0x0000000780000000,0x000000078029da88,0x0000000782b00000)
 Metaspace       used 12998K, capacity 13218K, committed 13568K, reserved 1060864K
  class space    used 1630K, capacity 1705K, committed 1792K, reserved 1048576K
}
Event: 6.427 GC heap before
{Heap before GC invocations=6 (full 0):
 PSYoungGen      total 18944K, used 18940K [0x00000007aab00000, 0x00000007ad400000, 0x00000007c0000000)
  eden space 16384K, 100% used [0x00000007aab00000,0x00000007abb00000,0x00000007abb00000)
  from space 2560K, 99% used [0x00000007abb00000,0x00000007abd7f370,0x00000007abd80000)
  to   space 4608K, 0% used [0x00000007acf80000,0x00000007acf80000,0x00000007ad400000)
 ParOldGen       total 44032K, used 2678K [0x0000000780000000, 0x0000000782b00000, 0x00000007aab00000)
  object space 44032K, 6% used [0x0000000780000000,0x000000078029da88,0x0000000782b00000)
 Metaspace       used 12998K, capacity 13218K, committed 13568K, reserved 1060864K
  class space    used 1630K, capacity 1705K, committed 1792K, reserved 1048576K
Event: 6.432 GC heap after
Heap after GC invocations=6 (full 0):
 PSYoungGen      total 37376K, used 2630K [0x00000007aab00000, 0x00000007ad400000, 0x00000007c0000000)
  eden space 32768K, 0% used [0x00000007aab00000,0x00000007aab00000,0x00000007acb00000)
  from space 4608K, 57% used [0x00000007acf80000,0x00000007ad2119f0,0x00000007ad400000)
  to   space 4608K, 0% used [0x00000007acb00000,0x00000007acb00000,0x00000007acf80000)
 ParOldGen       total 44032K, used 2686K [0x0000000780000000, 0x0000000782b00000, 0x00000007aab00000)
  object space 44032K, 6% used [0x0000000780000000,0x000000078029fa88,0x0000000782b00000)
 Metaspace       used 12998K, capacity 13218K, committed 13568K, reserved 1060864K
  class space    used 1630K, capacity 1705K, committed 1792K, reserved 1048576K
}
Event: 6.971 GC heap before
{Heap before GC invocations=7 (full 0):
 PSYoungGen      total 37376K, used 35398K [0x00000007aab00000, 0x00000007ad400000, 0x00000007c0000000)
  eden space 32768K, 100% used [0x00000007aab00000,0x00000007acb00000,0x00000007acb00000)
  from space 4608K, 57% used [0x00000007acf80000,0x00000007ad2119f0,0x00000007ad400000)
  to   space 4608K, 0% used [0x00000007acb00000,0x00000007acb00000,0x00000007acf80000)
 ParOldGen       total 44032K, used 2686K [0x0000000780000000, 0x0000000782b00000, 0x00000007aab00000)
  object space 44032K, 6% used [0x0000000780000000,0x000000078029fa88,0x0000000782b00000)
 Metaspace       used 13027K, capacity 13218K, committed 13568K, reserved 1060864K
  class space    used 1634K, capacity 1705K, committed 1792K, reserved 1048576K
Event: 6.986 GC heap after
Heap after GC invocations=7 (full 0):
 PSYoungGen      total 37376K, used 1065K [0x00000007aab00000, 0x00000007af500000, 0x00000007c0000000)
  eden space 32768K, 0% used [0x00000007aab00000,0x00000007aab00000,0x00000007acb00000)
  from space 4608K, 23% used [0x00000007acb00000,0x00000007acc0a588,0x00000007acf80000)
  to   space 5120K, 0% used [0x00000007af000000,0x00000007af000000,0x00000007af500000)
 ParOldGen       total 44032K, used 4688K [0x0000000780000000, 0x0000000782b00000, 0x00000007aab00000)
  object space 44032K, 10% used [0x0000000780000000,0x0000000780494310,0x0000000782b00000)
 Metaspace       used 13027K, capacity 13218K, committed 13568K, reserved 1060864K
  class space    used 1634K, capacity 1705K, committed 1792K, reserved 1048576K
}
Event: 7.501 GC heap before
{Heap before GC invocations=8 (full 0):
 PSYoungGen      total 37376K, used 33833K [0x00000007aab00000, 0x00000007af500000, 0x00000007c0000000)
  eden space 32768K, 100% used [0x00000007aab00000,0x00000007acb00000,0x00000007acb00000)
  from space 4608K, 23% used [0x00000007acb00000,0x00000007acc0a588,0x00000007acf80000)
  to   space 5120K, 0% used [0x00000007af000000,0x00000007af000000,0x00000007af500000)
 ParOldGen       total 44032K, used 4688K [0x0000000780000000, 0x0000000782b00000, 0x00000007aab00000)
  object space 44032K, 10% used [0x0000000780000000,0x0000000780494310,0x0000000782b00000)
 Metaspace       used 13050K, capacity 13282K, committed 13568K, reserved 1060864K
  class space    used 1641K, capacity 1705K, committed 1792K, reserved 1048576K
Event: 7.503 GC heap after
Heap after GC invocations=8 (full 0):
 PSYoungGen      total 70656K, used 1190K [0x00000007aab00000, 0x00000007af500000, 0x00000007c0000000)
  eden space 65536K, 0% used [0x00000007aab00000,0x00000007aab00000,0x00000007aeb00000)
  from space 5120K, 23% used [0x00000007af000000,0x00000007af129928,0x00000007af500000)
  to   space 5120K, 0% used [0x00000007aeb00000,0x00000007aeb00000,0x00000007af000000)
 ParOldGen       total 44032K, used 4720K [0x0000000780000000, 0x0000000782b00000, 0x00000007aab00000)
  object space 44032K, 10% used [0x0000000780000000,0x000000078049c310,0x0000000782b00000)
 Metaspace       used 13050K, capacity 13282K, committed 13568K, reserved 1060864K
  class space    used 1641K, capacity 1705K, committed 1792K, reserved 1048576K
}
Event: 8.195 GC heap before
{Heap before GC invocations=9 (full 0):
 PSYoungGen      total 70656K, used 66726K [0x00000007aab00000, 0x00000007af500000, 0x00000007c0000000)
  eden space 65536K, 100% used [0x00000007aab00000,0x00000007aeb00000,0x00000007aeb00000)
  from space 5120K, 23% used [0x00000007af000000,0x00000007af129928,0x00000007af500000)
  to   space 5120K, 0% used [0x00000007aeb00000,0x00000007aeb00000,0x00000007af000000)
 ParOldGen       total 44032K, used 4720K [0x0000000780000000, 0x0000000782b00000, 0x00000007aab00000)
  object space 44032K, 10% used [0x0000000780000000,0x000000078049c310,0x0000000782b00000)
 Metaspace       used 13057K, capacity 13282K, committed 13568K, reserved 1060864K
  class space    used 1641K, capacity 1705K, committed 1792K, reserved 1048576K
Event: 8.205 GC heap after
Heap after GC invocations=9 (full 0):
 PSYoungGen      total 70656K, used 1340K [0x00000007aab00000, 0x00000007b1b80000, 0x00000007c0000000)
  eden space 65536K, 0% used [0x00000007aab00000,0x00000007aab00000,0x00000007aeb00000)
  from space 5120K, 26% used [0x00000007aeb00000,0x00000007aec4f280,0x00000007af000000)
  to   space 5120K, 0% used [0x00000007b1680000,0x00000007b1680000,0x00000007b1b80000)
 ParOldGen       total 44032K, used 4744K [0x0000000780000000, 0x0000000782b00000, 0x00000007aab00000)
  object space 44032K, 10% used [0x0000000780000000,0x00000007804a2310,0x0000000782b00000)
 Metaspace       used 13057K, capacity 13282K, committed 13568K, reserved 1060864K
  class space    used 1641K, capacity 1705K, committed 1792K, reserved 1048576K
}

