# JRE version: Java(TM) SE Runtime Environment (8.0_101-b13) (build 1.8.0_101-b13)
# Java VM: Java HotSpot(TM) 64-Bit Server VM (25.101-b13 mixed mode bsd-amd64 compressed oops)
Heap:
 PSYoungGen      total 139776K, used 16885K [0x00000007aab00000, 0x00000007b6780000, 0x00000007c0000000)
  eden space 136704K, 12% used [0x00000007aab00000,0x00000007abb7d440,0x00000007b3080000)
  from space 3072K, 0% used [0x00000007b5680000,0x00000007b5680000,0x00000007b5980000)
  to   space 11264K, 0% used [0x00000007b5c80000,0x00000007b5c80000,0x00000007b6780000)
 ParOldGen       total 37888K, used 9123K [0x0000000780000000, 0x0000000782500000, 0x00000007aab00000)
  object space 37888K, 24% used [0x0000000780000000,0x00000007808e8c88,0x0000000782500000)
 Metaspace       used 13780K, capacity 13968K, committed 14208K, reserved 1060864K
  class space    used 1730K, capacity 1806K, committed 1920K, reserved 1048576K
GC Heap History (10 events):
Event: 15.186 GC heap before
{Heap before GC invocations=18 (full 0):
 PSYoungGen      total 137216K, used 136899K [0x00000007aab00000, 0x00000007b4a80000, 0x00000007c0000000)
  eden space 134656K, 100% used [0x00000007aab00000,0x00000007b2e80000,0x00000007b2e80000)
  from space 2560K, 87% used [0x00000007b4000000,0x00000007b4230f50,0x00000007b4280000)
  to   space 6144K, 0% used [0x00000007b4480000,0x00000007b4480000,0x00000007b4a80000)
 ParOldGen       total 44032K, used 12241K [0x0000000780000000, 0x0000000782b00000, 0x00000007aab00000)
  object space 44032K, 27% used [0x0000000780000000,0x0000000780bf4440,0x0000000782b00000)
 Metaspace       used 13667K, capacity 13904K, committed 14208K, reserved 1060864K
  class space    used 1725K, capacity 1806K, committed 1920K, reserved 1048576K
Event: 15.196 GC heap after
Heap after GC invocations=18 (full 0):
 PSYoungGen      total 133632K, used 4140K [0x00000007aab00000, 0x00000007b4900000, 0x00000007c0000000)
  eden space 129024K, 0% used [0x00000007aab00000,0x00000007aab00000,0x00000007b2900000)
  from space 4608K, 89% used [0x00000007b4480000,0x00000007b488b078,0x00000007b4900000)
  to   space 6144K, 0% used [0x00000007b3d00000,0x00000007b3d00000,0x00000007b4300000)
 ParOldGen       total 44032K, used 13217K [0x0000000780000000, 0x0000000782b00000, 0x00000007aab00000)
  object space 44032K, 30% used [0x0000000780000000,0x0000000780ce8450,0x0000000782b00000)
 Metaspace       used 13667K, capacity 13904K, committed 14208K, reserved 1060864K
  class space    used 1725K, capacity 1806K, committed 1920K, reserved 1048576K
}
Event: 17.921 GC heap before
{Heap before GC invocations=19 (full 0):
 PSYoungGen      total 133632K, used 133164K [0x00000007aab00000, 0x00000007b4900000, 0x00000007c0000000)
  eden space 129024K, 100% used [0x00000007aab00000,0x00000007b2900000,0x00000007b2900000)
  from space 4608K, 89% used [0x00000007b4480000,0x00000007b488b078,0x00000007b4900000)
  to   space 6144K, 0% used [0x00000007b3d00000,0x00000007b3d00000,0x00000007b4300000)
 ParOldGen       total 44032K, used 13217K [0x0000000780000000, 0x0000000782b00000, 0x00000007aab00000)
  object space 44032K, 30% used [0x0000000780000000,0x0000000780ce8450,0x0000000782b00000)
 Metaspace       used 13707K, capacity 13904K, committed 14208K, reserved 1060864K
  class space    used 1726K, capacity 1806K, committed 1920K, reserved 1048576K
Event: 17.975 GC heap after
Heap after GC invocations=19 (full 0):
 PSYoungGen      total 155648K, used 6128K [0x00000007aab00000, 0x00000007b7280000, 0x00000007c0000000)
  eden space 149504K, 0% used [0x00000007aab00000,0x00000007aab00000,0x00000007b3d00000)
  from space 6144K, 99% used [0x00000007b3d00000,0x00000007b42fc108,0x00000007b4300000)
  to   space 11776K, 0% used [0x00000007b6700000,0x00000007b6700000,0x00000007b7280000)
 ParOldGen       total 44032K, used 25305K [0x0000000780000000, 0x0000000782b00000, 0x00000007aab00000)
  object space 44032K, 57% used [0x0000000780000000,0x00000007818b6450,0x0000000782b00000)
 Metaspace       used 13707K, capacity 13904K, committed 14208K, reserved 1060864K
  class space    used 1726K, capacity 1806K, committed 1920K, reserved 1048576K
}
Event: 21.909 GC heap before
{Heap before GC invocations=20 (full 0):
 PSYoungGen      total 155648K, used 155632K [0x00000007aab00000, 0x00000007b7280000, 0x00000007c0000000)
  eden space 149504K, 100% used [0x00000007aab00000,0x00000007b3d00000,0x00000007b3d00000)
  from space 6144K, 99% used [0x00000007b3d00000,0x00000007b42fc108,0x00000007b4300000)
  to   space 11776K, 0% used [0x00000007b6700000,0x00000007b6700000,0x00000007b7280000)
 ParOldGen       total 44032K, used 25305K [0x0000000780000000, 0x0000000782b00000, 0x00000007aab00000)
  object space 44032K, 57% used [0x0000000780000000,0x00000007818b6450,0x0000000782b00000)
 Metaspace       used 13756K, capacity 13968K, committed 14208K, reserved 1060864K
  class space    used 1727K, capacity 1806K, committed 1920K, reserved 1048576K
Event: 21.926 GC heap after
Heap after GC invocations=20 (full 0):
 PSYoungGen      total 149504K, used 6281K [0x00000007aab00000, 0x00000007b6d80000, 0x00000007c0000000)
  eden space 142848K, 0% used [0x00000007aab00000,0x00000007aab00000,0x00000007b3680000)
  from space 6656K, 94% used [0x00000007b6700000,0x00000007b6d225b0,0x00000007b6d80000)
  to   space 11776K, 0% used [0x00000007b5680000,0x00000007b5680000,0x00000007b6200000)
 ParOldGen       total 44032K, used 31051K [0x0000000780000000, 0x0000000782b00000, 0x00000007aab00000)
  object space 44032K, 70% used [0x0000000780000000,0x0000000781e52d88,0x0000000782b00000)
 Metaspace       used 13756K, capacity 13968K, committed 14208K, reserved 1060864K
  class space    used 1727K, capacity 1806K, committed 1920K, reserved 1048576K
}
Event: 23.153 GC heap before
{Heap before GC invocations=21 (full 0):
 PSYoungGen      total 149504K, used 149129K [0x00000007aab00000, 0x00000007b6d80000, 0x00000007c0000000)
  eden space 142848K, 100% used [0x00000007aab00000,0x00000007b3680000,0x00000007b3680000)
  from space 6656K, 94% used [0x00000007b6700000,0x00000007b6d225b0,0x00000007b6d80000)
  to   space 11776K, 0% used [0x00000007b5680000,0x00000007b5680000,0x00000007b6200000)
 ParOldGen       total 44032K, used 31051K [0x0000000780000000, 0x0000000782b00000, 0x00000007aab00000)
  object space 44032K, 70% used [0x0000000780000000,0x0000000781e52d88,0x0000000782b00000)
 Metaspace       used 13780K, capacity 13968K, committed 14208K, reserved 1060864K
  class space    used 1730K, capacity 1806K, committed 1920K, reserved 1048576K
Event: 23.166 GC heap after
Heap after GC invocations=21 (full 0):
 PSYoungGen      total 139776K, used 2830K [0x00000007aab00000, 0x00000007b6780000, 0x00000007c0000000)
  eden space 136704K, 0% used [0x00000007aab00000,0x00000007aab00000,0x00000007b3080000)
  from space 3072K, 92% used [0x00000007b5680000,0x00000007b5943b90,0x00000007b5980000)
  to   space 11264K, 0% used [0x00000007b5c80000,0x00000007b5c80000,0x00000007b6780000)
 ParOldGen       total 44032K, used 36603K [0x0000000780000000, 0x0000000782b00000, 0x00000007aab00000)
  object space 44032K, 83% used [0x0000000780000000,0x00000007823bed18,0x0000000782b00000)
 Metaspace       used 13780K, capacity 13968K, committed 14208K, reserved 1060864K
  class space    used 1730K, capacity 1806K, committed 1920K, reserved 1048576K
}
Event: 23.166 GC heap before
{Heap before GC invocations=22 (full 1):
 PSYoungGen      total 139776K, used 2830K [0x00000007aab00000, 0x00000007b6780000, 0x00000007c0000000)
  eden space 136704K, 0% used [0x00000007aab00000,0x00000007aab00000,0x00000007b3080000)
  from space 3072K, 92% used [0x00000007b5680000,0x00000007b5943b90,0x00000007b5980000)
  to   space 11264K, 0% used [0x00000007b5c80000,0x00000007b5c80000,0x00000007b6780000)
 ParOldGen       total 44032K, used 36603K [0x0000000780000000, 0x0000000782b00000, 0x00000007aab00000)
  object space 44032K, 83% used [0x0000000780000000,0x00000007823bed18,0x0000000782b00000)
 Metaspace       used 13780K, capacity 13968K, committed 14208K, reserved 1060864K
  class space    used 1730K, capacity 1806K, committed 1920K, reserved 1048576K
Event: 23.216 GC heap after
Heap after GC invocations=22 (full 1):
 PSYoungGen      total 139776K, used 0K [0x00000007aab00000, 0x00000007b6780000, 0x00000007c0000000)
  eden space 136704K, 0% used [0x00000007aab00000,0x00000007aab00000,0x00000007b3080000)
  from space 3072K, 0% used [0x00000007b5680000,0x00000007b5680000,0x00000007b5980000)
  to   space 11264K, 0% used [0x00000007b5c80000,0x00000007b5c80000,0x00000007b6780000)
 ParOldGen       total 37888K, used 9123K [0x0000000780000000, 0x0000000782500000, 0x00000007aab00000)
  object space 37888K, 24% used [0x0000000780000000,0x00000007808e8c88,0x0000000782500000)
 Metaspace       used 13780K, capacity 13968K, committed 14208K, reserved 1060864K
  class space    used 1730K, capacity 1806K, committed 1920K, reserved 1048576K
}

